
Dec 27  7:44 [spec-56581-VB031N50V1_sp08-218.fits[*,1]]: 
    center      cont      flux       eqw      core     gfwhm     lfwhm
  6472.437  4064.401  -15411.8     3.792

Dec 27  7:50 [spec-56581-VB031N50V1_sp08-218.fits[*,1]]: 
    center      cont      flux       eqw      core     gfwhm     lfwhm

Dec 27  8:02 [spec-56581-VB031N50V1_sp08-218.fits[*,1]]: 
avg:      147.6  rms:       10.8   snr:    13.67
    center      cont      flux       eqw      core     gfwhm     lfwhm
  6562.295  145.5807   19798.8     -136.     4281.     4.345        0.

Dec 27  9:20 [spec-56581-VB031N50V1_sp08-218.fits[*,1]]: 
  5006.381  58.08297   10656.3    -183.5   3334.55     3.002        0.
  4860.811  61.09286   8651.79    -141.6   2552.22     3.185        0.
  4685.302  61.80173   9063.65    -146.7   2735.88     3.112        0.
  4711.611  59.61829   555.784    -9.322   161.024     3.243        0.
  4740.283  55.06679   425.706    -7.731   148.273     2.697        0.
  4339.872  70.36701   3803.08    -54.05   1126.06     3.173        0.
  4101.331  70.36701   2129.01    -30.26   654.096     3.058        0.
  3969.409  78.93251   1508.46    -19.11   401.782     3.527        0.
    center      cont      flux       eqw      core     gfwhm     lfwhm
   6536.84  147.7222   1.00427  -0.01402
    center      cont      flux       eqw      core     gfwhm     lfwhm
  6507.636  220.6457  -1352.79     6.131  -79.7997     15.93        0.
  4958.416  71.73853   3444.37    -48.01   1094.42     2.957        0.
    center      cont      flux       eqw      core     gfwhm     lfwhm
  6586.508  2098.077  -658453.     297.6
  6669.625  4021.664  -83131.3     20.67
    center      cont      flux       eqw      core     gfwhm     lfwhm
    center      cont      flux       eqw      core     gfwhm     lfwhm
  6562.296 2.2687E-9 2.8266E-7    -124.6 6.1370E-8     4.327        0.

Dec 29  1:19 [spec-56581-VB031N50V1_sp08-218.fits[*,1]]: 
    center      cont      flux       eqw      core     gfwhm     lfwhm
  6562.295  138.1612   19871.7    -143.8   4286.09     4.356        0.

Jan 13 17:07 [spec-56581-VB031N50V1_sp08-218.fits[*,1]]: 
    center      cont      flux       eqw      core     gfwhm     lfwhm
   6562.25  134.4285   21367.8    -159.3

Jan 13 17:10 [spec-56581-VB031N50V1_sp08-218.fits[*,1]]: 
  6562.312  148.6245   19664.2    -132.1
